
трав. 15, 2020 12:29:13 PM application.mainController openWindow
SEVERE: Failed to open the window empSearchWindow.fxml
javafx.fxml.LoadException: 
/Users/olesia/eclipse-workspace1/VAVA/Simple%20Client/bin/application/empSearchWindow.fxml

	at javafx.fxml.FXMLLoader.constructLoadException(FXMLLoader.java:2601)
	at javafx.fxml.FXMLLoader.loadImpl(FXMLLoader.java:2571)
	at javafx.fxml.FXMLLoader.loadImpl(FXMLLoader.java:2441)
	at javafx.fxml.FXMLLoader.loadImpl(FXMLLoader.java:3214)
	at javafx.fxml.FXMLLoader.loadImpl(FXMLLoader.java:3175)
	at javafx.fxml.FXMLLoader.loadImpl(FXMLLoader.java:3148)
	at javafx.fxml.FXMLLoader.loadImpl(FXMLLoader.java:3124)
	at javafx.fxml.FXMLLoader.loadImpl(FXMLLoader.java:3104)
	at javafx.fxml.FXMLLoader.load(FXMLLoader.java:3097)
	at application.mainController.openWindow(mainController.java:98)
	at application.mainController.lambda$1(mainController.java:66)
	at com.sun.javafx.event.CompositeEventHandler.dispatchBubblingEvent(CompositeEventHandler.java:86)
	at com.sun.javafx.event.EventHandlerManager.dispatchBubblingEvent(EventHandlerManager.java:238)
	at com.sun.javafx.event.EventHandlerManager.dispatchBubblingEvent(EventHandlerManager.java:191)
	at com.sun.javafx.event.CompositeEventDispatcher.dispatchBubblingEvent(CompositeEventDispatcher.java:59)
	at com.sun.javafx.event.BasicEventDispatcher.dispatchEvent(BasicEventDispatcher.java:58)
	at com.sun.javafx.event.EventDispatchChainImpl.dispatchEvent(EventDispatchChainImpl.java:114)
	at com.sun.javafx.event.BasicEventDispatcher.dispatchEvent(BasicEventDispatcher.java:56)
	at com.sun.javafx.event.EventDispatchChainImpl.dispatchEvent(EventDispatchChainImpl.java:114)
	at com.sun.javafx.event.BasicEventDispatcher.dispatchEvent(BasicEventDispatcher.java:56)
	at com.sun.javafx.event.EventDispatchChainImpl.dispatchEvent(EventDispatchChainImpl.java:114)
	at com.sun.javafx.event.EventUtil.fireEventImpl(EventUtil.java:74)
	at com.sun.javafx.event.EventUtil.fireEvent(EventUtil.java:54)
	at javafx.event.Event.fireEvent(Event.java:198)
	at javafx.scene.Scene$ClickGenerator.postProcess(Scene.java:3470)
	at javafx.scene.Scene$ClickGenerator.access$8100(Scene.java:3398)
	at javafx.scene.Scene$MouseHandler.process(Scene.java:3766)
	at javafx.scene.Scene$MouseHandler.access$1500(Scene.java:3485)
	at javafx.scene.Scene.impl_processMouseEvent(Scene.java:1762)
	at javafx.scene.Scene$ScenePeerListener.mouseEvent(Scene.java:2494)
	at com.sun.javafx.tk.quantum.GlassViewEventHandler$MouseEventNotification.run(GlassViewEventHandler.java:394)
	at com.sun.javafx.tk.quantum.GlassViewEventHandler$MouseEventNotification.run(GlassViewEventHandler.java:295)
	at java.security.AccessController.doPrivileged(Native Method)
	at com.sun.javafx.tk.quantum.GlassViewEventHandler.lambda$handleMouseEvent$353(GlassViewEventHandler.java:432)
	at com.sun.javafx.tk.quantum.QuantumToolkit.runWithoutRenderLock(QuantumToolkit.java:389)
	at com.sun.javafx.tk.quantum.GlassViewEventHandler.handleMouseEvent(GlassViewEventHandler.java:431)
	at com.sun.glass.ui.View.handleMouseEvent(View.java:555)
	at com.sun.glass.ui.View.notifyMouse(View.java:937)
Caused by: java.lang.reflect.InvocationTargetException
	at sun.reflect.NativeMethodAccessorImpl.invoke0(Native Method)
	at sun.reflect.NativeMethodAccessorImpl.invoke(NativeMethodAccessorImpl.java:62)
	at sun.reflect.DelegatingMethodAccessorImpl.invoke(DelegatingMethodAccessorImpl.java:43)
	at java.lang.reflect.Method.invoke(Method.java:498)
	at sun.reflect.misc.Trampoline.invoke(MethodUtil.java:71)
	at sun.reflect.GeneratedMethodAccessor1.invoke(Unknown Source)
	at sun.reflect.DelegatingMethodAccessorImpl.invoke(DelegatingMethodAccessorImpl.java:43)
	at java.lang.reflect.Method.invoke(Method.java:498)
	at sun.reflect.misc.MethodUtil.invoke(MethodUtil.java:275)
	at javafx.fxml.FXMLLoader.loadImpl(FXMLLoader.java:2566)
	... 36 more
Caused by: org.jboss.ejb.client.RequestSendFailedException: EJBCLIENT000409: No more destinations are available
	at org.jboss.ejb.client.EJBClientInvocationContext.getResult(EJBClientInvocationContext.java:613)
	at org.jboss.ejb.client.EJBClientInvocationContext.getResult(EJBClientInvocationContext.java:544)
	at org.jboss.ejb.protocol.remote.RemotingEJBClientInterceptor.handleInvocationResult(RemotingEJBClientInterceptor.java:57)
	at org.jboss.ejb.client.EJBClientInvocationContext.getResult(EJBClientInvocationContext.java:615)
	at org.jboss.ejb.client.EJBClientInvocationContext.getResult(EJBClientInvocationContext.java:544)
	at org.jboss.ejb.client.TransactionPostDiscoveryInterceptor.handleInvocationResult(TransactionPostDiscoveryInterceptor.java:148)
	at org.jboss.ejb.client.EJBClientInvocationContext.getResult(EJBClientInvocationContext.java:615)
	at org.jboss.ejb.client.EJBClientInvocationContext.getResult(EJBClientInvocationContext.java:544)
	at org.jboss.ejb.client.DiscoveryEJBClientInterceptor.handleInvocationResult(DiscoveryEJBClientInterceptor.java:124)
	at org.jboss.ejb.client.EJBClientInvocationContext.getResult(EJBClientInvocationContext.java:615)
	at org.jboss.ejb.client.EJBClientInvocationContext.getResult(EJBClientInvocationContext.java:544)
	at org.jboss.ejb.client.NamingEJBClientInterceptor.handleInvocationResult(NamingEJBClientInterceptor.java:85)
	at org.jboss.ejb.client.EJBClientInvocationContext.getResult(EJBClientInvocationContext.java:615)
	at org.jboss.ejb.client.EJBClientInvocationContext.getResult(EJBClientInvocationContext.java:544)
	at org.jboss.ejb.client.TransactionInterceptor.handleInvocationResult(TransactionInterceptor.java:212)
	at org.jboss.ejb.client.EJBClientInvocationContext.getResult(EJBClientInvocationContext.java:615)
	at org.jboss.ejb.client.EJBClientInvocationContext.getResult(EJBClientInvocationContext.java:544)
	at org.jboss.ejb.client.EJBClientInvocationContext.awaitResponse(EJBClientInvocationContext.java:986)
	at org.jboss.ejb.client.EJBInvocationHandler.invoke(EJBInvocationHandler.java:191)
	at org.jboss.ejb.client.EJBInvocationHandler.invoke(EJBInvocationHandler.java:125)
	at com.sun.proxy.$Proxy6.getPositions(Unknown Source)
	at application.empSearchController.getPositions(empSearchController.java:416)
	at application.empSearchController.initialize(empSearchController.java:156)
	... 46 more
	Suppressed: org.jboss.ejb.client.RequestSendFailedException: Destination @ http-remoting://localhost:8080
		at org.jboss.ejb.protocol.remote.RemoteEJBReceiver$1.handleFailed(RemoteEJBReceiver.java:102)
		at org.jboss.ejb.protocol.remote.RemoteEJBReceiver$1.handleFailed(RemoteEJBReceiver.java:74)
		at org.xnio.IoFuture$HandlingNotifier.notify(IoFuture.java:215)
		at org.xnio.AbstractIoFuture$NotifierRunnable.run(AbstractIoFuture.java:720)
		at org.xnio.IoUtils$2.execute(IoUtils.java:71)
		at org.xnio.AbstractIoFuture.runNotifier(AbstractIoFuture.java:693)
		at org.xnio.AbstractIoFuture$FailedState.withNotifier(AbstractIoFuture.java:177)
		at org.xnio.AbstractIoFuture.addNotifier(AbstractIoFuture.java:570)
		at org.jboss.ejb.protocol.remote.RemoteEJBReceiver.processInvocation(RemoteEJBReceiver.java:131)
		at org.jboss.ejb.client.EJBClientInvocationContext.sendRequest(EJBClientInvocationContext.java:492)
		at org.jboss.ejb.protocol.remote.RemotingEJBClientInterceptor.handleInvocation(RemotingEJBClientInterceptor.java:52)
		at org.jboss.ejb.client.EJBClientInvocationContext.sendRequest(EJBClientInvocationContext.java:507)
		at org.jboss.ejb.client.TransactionPostDiscoveryInterceptor.handleInvocation(TransactionPostDiscoveryInterceptor.java:82)
		at org.jboss.ejb.client.EJBClientInvocationContext.sendRequest(EJBClientInvocationContext.java:507)
		at org.jboss.ejb.client.DiscoveryEJBClientInterceptor.handleInvocation(DiscoveryEJBClientInterceptor.java:98)
		at org.jboss.ejb.client.EJBClientInvocationContext.sendRequest(EJBClientInvocationContext.java:507)
		at org.jboss.ejb.client.NamingEJBClientInterceptor.handleInvocation(NamingEJBClientInterceptor.java:73)
		at org.jboss.ejb.client.EJBClientInvocationContext.sendRequest(EJBClientInvocationContext.java:507)
		at org.jboss.ejb.client.TransactionInterceptor.handleInvocation(TransactionInterceptor.java:205)
		at org.jboss.ejb.client.EJBClientInvocationContext.sendRequest(EJBClientInvocationContext.java:507)
		at org.wildfly.common.context.Contextual.runExConsumer(Contextual.java:203)
		at org.jboss.ejb.client.EJBClientInvocationContext.sendRequestInitial(EJBClientInvocationContext.java:334)
		at org.jboss.ejb.client.EJBInvocationHandler.invoke(EJBInvocationHandler.java:187)
		... 50 more
	Caused by: java.net.ConnectException: Connection refused
		at sun.nio.ch.SocketChannelImpl.checkConnect(Native Method)
		at sun.nio.ch.SocketChannelImpl.finishConnect(SocketChannelImpl.java:717)
		at org.xnio.nio.WorkerThread$ConnectHandle.handleReady(WorkerThread.java:327)
		at org.xnio.nio.WorkerThread.run(WorkerThread.java:591)
		at ...asynchronous invocation...(Unknown Source)
		at org.jboss.remoting3.EndpointImpl.connect(EndpointImpl.java:599)
		at org.jboss.remoting3.EndpointImpl.connect(EndpointImpl.java:565)
		at org.jboss.remoting3.ConnectionInfo$None.getConnection(ConnectionInfo.java:82)
		at org.jboss.remoting3.ConnectionInfo.getConnection(ConnectionInfo.java:55)
		at org.jboss.remoting3.EndpointImpl.doGetConnection(EndpointImpl.java:499)
		at org.jboss.remoting3.EndpointImpl.getConnectedIdentity(EndpointImpl.java:445)
		at org.jboss.remoting3.UncloseableEndpoint.getConnectedIdentity(UncloseableEndpoint.java:52)
		at org.jboss.remoting3.Endpoint.getConnectedIdentity(Endpoint.java:123)
		at org.jboss.ejb.protocol.remote.RemoteEJBReceiver.getConnection(RemoteEJBReceiver.java:191)
		at org.jboss.ejb.protocol.remote.RemoteEJBReceiver.processInvocation(RemoteEJBReceiver.java:129)
		... 64 more

